<?xml version="1.0" encoding="UTF-8"?>
<!-- Generated by org.testng.reporters.JUnitXMLReporter -->
<testsuite ignored="2" hostname="DESKTOP-09BGEOB" failures="0" tests="2" name="Test-sanity" time="17.856" errors="0" timestamp="2022-06-19T13:58:00 IST">
  <testcase classname="TestCases.LoginPageTest" name="verifyTitleTest" time="0.026"/>
  <testcase classname="TestCases.LoginPageTest" name="verifykiteLogoTest" time="0.112"/>
  <testcase classname="TestCases.LoginPageTest" name="verifyZarodhaLogoTest" time="0.0">
    <ignored/>
  </testcase> <!-- verifyZarodhaLogoTest -->
  <testcase classname="TestCases.LoginPageTest" name="loginToApplicationTest" time="0.0">
    <ignored/>
  </testcase> <!-- loginToApplicationTest -->
</testsuite> <!-- Test-sanity -->
