<?xml version="1.0" encoding="UTF-8"?>
<!-- Generated by org.testng.reporters.JUnitReportReporter -->
<testsuite hostname="DESKTOP-09BGEOB" failures="0" tests="3" name="TestCases.HardAssert" time="8.798" errors="0" timestamp="2022-06-12T19:56:15 IST" skipped="2">
  <testcase classname="TestCases.HardAssert" name="verifykiteLogoTest" time="8.798"/>
  <system-out/>
  <testcase classname="TestCases.HardAssert" name="loginToApplicationTest">
    <skipped/>
  </testcase> <!-- loginToApplicationTest -->
  <system-out/>
  <testcase classname="TestCases.HardAssert" name="verifyZarodhaLogoTest">
    <skipped/>
  </testcase> <!-- verifyZarodhaLogoTest -->
  <system-out/>
</testsuite> <!-- TestCases.HardAssert -->
