<?xml version="1.0" encoding="UTF-8"?>
<!-- Generated by org.testng.reporters.JUnitReportReporter -->
<testsuite hostname="DESKTOP-09BGEOB" failures="0" tests="2" name="TestCases.LoginPageTest" time="17.770" errors="0" timestamp="2022-06-19T13:58:00 IST" skipped="0">
  <testcase classname="TestCases.LoginPageTest" name="verifyTitleTest" time="7.125"/>
  <system-out/>
  <testcase classname="TestCases.LoginPageTest" name="verifykiteLogoTest" time="10.645"/>
  <system-out/>
</testsuite> <!-- TestCases.LoginPageTest -->
