<?xml version="1.0" encoding="UTF-8"?>
<!-- Generated by org.testng.reporters.JUnitReportReporter -->
<testsuite hostname="DESKTOP-09BGEOB" failures="0" tests="3" name="TestCases.parallerExecution" time="34.089" errors="0" timestamp="2022-06-18T13:15:01 IST" skipped="0">
  <testcase classname="TestCases.parallerExecution" name="google" time="11.316"/>
  <system-out/>
  <testcase classname="TestCases.parallerExecution" name="amazon" time="11.347"/>
  <system-out/>
  <testcase classname="TestCases.parallerExecution" name="fb" time="11.426"/>
  <system-out/>
</testsuite> <!-- TestCases.parallerExecution -->
